# JRE version: OpenJDK Runtime Environment (15.0.2+7) (build 15.0.2+7-27)
# Java VM: OpenJDK 64-Bit Server VM (15.0.2+7-27, mixed mode, tiered, compressed oops, g1 gc, bsd-amd64)
GC Precious Log:
 CPUs: 4 total, 4 available
 Memory: 4096M
 Large Page Support: Disabled
 NUMA Support: Disabled
 Compressed Oops: Enabled (Zero based)
 Heap Region Size: 1M
 Heap Min Capacity: 8M
 Heap Initial Capacity: 64M
 Heap Max Capacity: 1G
 Pre-touch: Disabled
 Parallel Workers: 4
 Concurrent Workers: 1
 Concurrent Refinement Workers: 4
 Periodic GC: Disabled
Heap:
 garbage-first heap   total 78848K, used 27329K [0x0000000780000000, 0x00000007c0000000)
  region size 1024K, 4 young (4096K), 2 survivors (2048K)
 Metaspace       used 28413K, capacity 28678K, committed 29104K, reserved 1075200K
  class space    used 3671K, capacity 3768K, committed 3840K, reserved 1048576K
GC Heap History (10 events):
Event: 0.540 GC heap before
{Heap before GC invocations=0 (full 0):
 garbage-first heap   total 65536K, used 12288K [0x0000000780000000, 0x00000007c0000000)
  region size 1024K, 13 young (13312K), 0 survivors (0K)
 Metaspace       used 6783K, capacity 6832K, committed 7040K, reserved 1056768K
  class space    used 581K, capacity 592K, committed 640K, reserved 1048576K
}
Event: 0.544 GC heap after
{Heap after GC invocations=1 (full 0):
 garbage-first heap   total 65536K, used 822K [0x0000000780000000, 0x00000007c0000000)
  region size 1024K, 1 young (1024K), 1 survivors (1024K)
 Metaspace       used 6783K, capacity 6832K, committed 7040K, reserved 1056768K
  class space    used 581K, capacity 592K, committed 640K, reserved 1048576K
}
Event: 2.286 GC heap before
{Heap before GC invocations=1 (full 0):
 garbage-first heap   total 65536K, used 27446K [0x0000000780000000, 0x00000007c0000000)
  region size 1024K, 19 young (19456K), 1 survivors (1024K)
 Metaspace       used 13036K, capacity 13199K, committed 13568K, reserved 1060864K
  class space    used 1402K, capacity 1477K, committed 1536K, reserved 1048576K
}
Event: 2.297 GC heap after
{Heap after GC invocations=2 (full 0):
 garbage-first heap   total 65536K, used 11727K [0x0000000780000000, 0x00000007c0000000)
  region size 1024K, 3 young (3072K), 3 survivors (3072K)
 Metaspace       used 13036K, capacity 13199K, committed 13568K, reserved 1060864K
  class space    used 1402K, capacity 1477K, committed 1536K, reserved 1048576K
}
Event: 6.996 GC heap before
{Heap before GC invocations=2 (full 0):
 garbage-first heap   total 65536K, used 40399K [0x0000000780000000, 0x00000007c0000000)
  region size 1024K, 30 young (30720K), 3 survivors (3072K)
 Metaspace       used 20738K, capacity 20860K, committed 21296K, reserved 1069056K
  class space    used 2535K, capacity 2577K, committed 2688K, reserved 1048576K
}
Event: 7.042 GC heap after
{Heap after GC invocations=3 (full 0):
 garbage-first heap   total 65536K, used 18081K [0x0000000780000000, 0x00000007c0000000)
  region size 1024K, 5 young (5120K), 5 survivors (5120K)
 Metaspace       used 20738K, capacity 20860K, committed 21296K, reserved 1069056K
  class space    used 2535K, capacity 2577K, committed 2688K, reserved 1048576K
}
Event: 9.086 GC heap before
{Heap before GC invocations=4 (full 0):
 garbage-first heap   total 65536K, used 40609K [0x0000000780000000, 0x00000007c0000000)
  region size 1024K, 28 young (28672K), 5 survivors (5120K)
 Metaspace       used 26022K, capacity 26192K, committed 26672K, reserved 1073152K
  class space    used 3394K, capacity 3456K, committed 3456K, reserved 1048576K
}
Event: 9.119 GC heap after
{Heap after GC invocations=5 (full 0):
 garbage-first heap   total 65536K, used 22465K [0x0000000780000000, 0x00000007c0000000)
  region size 1024K, 4 young (4096K), 4 survivors (4096K)
 Metaspace       used 26022K, capacity 26192K, committed 26672K, reserved 1073152K
  class space    used 3394K, capacity 3456K, committed 3456K, reserved 1048576K
}
Event: 18.042 GC heap before
{Heap before GC invocations=5 (full 0):
 garbage-first heap   total 65536K, used 48065K [0x0000000780000000, 0x00000007c0000000)
  region size 1024K, 25 young (25600K), 4 survivors (4096K)
 Metaspace       used 28288K, capacity 28586K, committed 29104K, reserved 1075200K
  class space    used 3660K, capacity 3760K, committed 3840K, reserved 1048576K
}
Event: 18.073 GC heap after
{Heap after GC invocations=6 (full 0):
 garbage-first heap   total 78848K, used 26305K [0x0000000780000000, 0x00000007c0000000)
  region size 1024K, 2 young (2048K), 2 survivors (2048K)
 Metaspace       used 28288K, capacity 28586K, committed 29104K, reserved 1075200K
  class space    used 3660K, capacity 3760K, committed 3840K, reserved 1048576K
}

