# JRE version: Java(TM) SE Runtime Environment (8.0_31-b13) (build 1.8.0_31-b13)
# Java VM: Java HotSpot(TM) 64-Bit Server VM (25.31-b07 mixed mode bsd-amd64 compressed oops)
Heap:
 PSYoungGen      total 344064K, used 55914K [0x000000014a500000, 0x000000015fa00000, 0x000000015fa00000)
  eden space 338944K, 15% used [0x000000014a500000,0x000000014d85f460,0x000000015f000000)
  from space 5120K, 64% used [0x000000015f000000,0x000000015f33b650,0x000000015f500000)
  to   space 5120K, 0% used [0x000000015f500000,0x000000015f500000,0x000000015fa00000)
 ParOldGen       total 75264K, used 54676K [0x000000011fa00000, 0x0000000124380000, 0x000000014a500000)
  object space 75264K, 72% used [0x000000011fa00000,0x0000000122f652f0,0x0000000124380000)
 Metaspace       used 17756K, capacity 18302K, committed 18432K, reserved 1064960K
  class space    used 2409K, capacity 2539K, committed 2560K, reserved 1048576K
GC Heap History (10 events):
Event: 12.760 GC heap before
{Heap before GC invocations=22 (full 3):
 PSYoungGen      total 344064K, used 3229K [0x000000014a500000, 0x000000015fa00000, 0x000000015fa00000)
  eden space 338944K, 0% used [0x000000014a500000,0x000000014a500000,0x000000015f000000)
  from space 5120K, 63% used [0x000000015f000000,0x000000015f327640,0x000000015f500000)
  to   space 5120K, 0% used [0x000000015f500000,0x000000015f500000,0x000000015fa00000)
 ParOldGen       total 64512K, used 54688K [0x000000011fa00000, 0x0000000123900000, 0x000000014a500000)
  object space 64512K, 84% used [0x000000011fa00000,0x0000000122f68218,0x0000000123900000)
 Metaspace       used 17155K, capacity 17564K, committed 17792K, reserved 1064960K
  class space    used 2312K, capacity 2428K, committed 2432K, reserved 1048576K
Event: 12.810 GC heap after
Heap after GC invocations=22 (full 3):
 PSYoungGen      total 344064K, used 0K [0x000000014a500000, 0x000000015fa00000, 0x000000015fa00000)
  eden space 338944K, 0% used [0x000000014a500000,0x000000014a500000,0x000000015f000000)
  from space 5120K, 0% used [0x000000015f000000,0x000000015f000000,0x000000015f500000)
  to   space 5120K, 0% used [0x000000015f500000,0x000000015f500000,0x000000015fa00000)
 ParOldGen       total 75264K, used 21247K [0x000000011fa00000, 0x0000000124380000, 0x000000014a500000)
  object space 75264K, 28% used [0x000000011fa00000,0x0000000120ebff30,0x0000000124380000)
 Metaspace       used 17155K, capacity 17564K, committed 17792K, reserved 1064960K
  class space    used 2312K, capacity 2428K, committed 2432K, reserved 1048576K
}
Event: 13.693 GC heap before
{Heap before GC invocations=23 (full 3):
 PSYoungGen      total 344064K, used 335139K [0x000000014a500000, 0x000000015fa00000, 0x000000015fa00000)
  eden space 338944K, 98% used [0x000000014a500000,0x000000015ec48ea8,0x000000015f000000)
  from space 5120K, 0% used [0x000000015f000000,0x000000015f000000,0x000000015f500000)
  to   space 5120K, 0% used [0x000000015f500000,0x000000015f500000,0x000000015fa00000)
 ParOldGen       total 75264K, used 21247K [0x000000011fa00000, 0x0000000124380000, 0x000000014a500000)
  object space 75264K, 28% used [0x000000011fa00000,0x0000000120ebff30,0x0000000124380000)
 Metaspace       used 17157K, capacity 17564K, committed 17792K, reserved 1064960K
  class space    used 2312K, capacity 2428K, committed 2432K, reserved 1048576K
Event: 13.695 GC heap after
Heap after GC invocations=23 (full 3):
 PSYoungGen      total 344064K, used 3165K [0x000000014a500000, 0x000000015fa00000, 0x000000015fa00000)
  eden space 338944K, 0% used [0x000000014a500000,0x000000014a500000,0x000000015f000000)
  from space 5120K, 61% used [0x000000015f500000,0x000000015f817640,0x000000015fa00000)
  to   space 5120K, 0% used [0x000000015f000000,0x000000015f000000,0x000000015f500000)
 ParOldGen       total 75264K, used 24293K [0x000000011fa00000, 0x0000000124380000, 0x000000014a500000)
  object space 75264K, 32% used [0x000000011fa00000,0x00000001211b9570,0x0000000124380000)
 Metaspace       used 17157K, capacity 17564K, committed 17792K, reserved 1064960K
  class space    used 2312K, capacity 2428K, committed 2432K, reserved 1048576K
}
Event: 14.541 GC heap before
{Heap before GC invocations=24 (full 3):
 PSYoungGen      total 344064K, used 337400K [0x000000014a500000, 0x000000015fa00000, 0x000000015fa00000)
  eden space 338944K, 98% used [0x000000014a500000,0x000000015eb66b18,0x000000015f000000)
  from space 5120K, 61% used [0x000000015f500000,0x000000015f817640,0x000000015fa00000)
  to   space 5120K, 0% used [0x000000015f000000,0x000000015f000000,0x000000015f500000)
 ParOldGen       total 75264K, used 24293K [0x000000011fa00000, 0x0000000124380000, 0x000000014a500000)
  object space 75264K, 32% used [0x000000011fa00000,0x00000001211b9570,0x0000000124380000)
 Metaspace       used 17158K, capacity 17564K, committed 17792K, reserved 1064960K
  class space    used 2312K, capacity 2428K, committed 2432K, reserved 1048576K
Event: 14.545 GC heap after
Heap after GC invocations=24 (full 3):
 PSYoungGen      total 344064K, used 3229K [0x000000014a500000, 0x000000015fa00000, 0x000000015fa00000)
  eden space 338944K, 0% used [0x000000014a500000,0x000000014a500000,0x000000015f000000)
  from space 5120K, 63% used [0x000000015f000000,0x000000015f327640,0x000000015f500000)
  to   space 5120K, 0% used [0x000000015f500000,0x000000015f500000,0x000000015fa00000)
 ParOldGen       total 75264K, used 39481K [0x000000011fa00000, 0x0000000124380000, 0x000000014a500000)
  object space 75264K, 52% used [0x000000011fa00000,0x000000012208e430,0x0000000124380000)
 Metaspace       used 17158K, capacity 17564K, committed 17792K, reserved 1064960K
  class space    used 2312K, capacity 2428K, committed 2432K, reserved 1048576K
}
Event: 15.341 GC heap before
{Heap before GC invocations=25 (full 3):
 PSYoungGen      total 344064K, used 339336K [0x000000014a500000, 0x000000015fa00000, 0x000000015fa00000)
  eden space 338944K, 99% used [0x000000014a500000,0x000000015ed3aa88,0x000000015f000000)
  from space 5120K, 63% used [0x000000015f000000,0x000000015f327640,0x000000015f500000)
  to   space 5120K, 0% used [0x000000015f500000,0x000000015f500000,0x000000015fa00000)
 ParOldGen       total 75264K, used 39481K [0x000000011fa00000, 0x0000000124380000, 0x000000014a500000)
  object space 75264K, 52% used [0x000000011fa00000,0x000000012208e430,0x0000000124380000)
 Metaspace       used 17195K, capacity 17628K, committed 17792K, reserved 1064960K
  class space    used 2312K, capacity 2428K, committed 2432K, reserved 1048576K
Event: 15.343 GC heap after
Heap after GC invocations=25 (full 3):
 PSYoungGen      total 344064K, used 3261K [0x000000014a500000, 0x000000015fa00000, 0x000000015fa00000)
  eden space 338944K, 0% used [0x000000014a500000,0x000000014a500000,0x000000015f000000)
  from space 5120K, 63% used [0x000000015f500000,0x000000015f82f640,0x000000015fa00000)
  to   space 5120K, 0% used [0x000000015f000000,0x000000015f000000,0x000000015f500000)
 ParOldGen       total 75264K, used 42526K [0x000000011fa00000, 0x0000000124380000, 0x000000014a500000)
  object space 75264K, 56% used [0x000000011fa00000,0x0000000122387a70,0x0000000124380000)
 Metaspace       used 17195K, capacity 17628K, committed 17792K, reserved 1064960K
  class space    used 2312K, capacity 2428K, committed 2432K, reserved 1048576K
}
Event: 16.260 GC heap before
{Heap before GC invocations=26 (full 3):
 PSYoungGen      total 344064K, used 338929K [0x000000014a500000, 0x000000015fa00000, 0x000000015fa00000)
  eden space 338944K, 99% used [0x000000014a500000,0x000000015eccd178,0x000000015f000000)
  from space 5120K, 63% used [0x000000015f500000,0x000000015f82f640,0x000000015fa00000)
  to   space 5120K, 0% used [0x000000015f000000,0x000000015f000000,0x000000015f500000)
 ParOldGen       total 75264K, used 42526K [0x000000011fa00000, 0x0000000124380000, 0x000000014a500000)
  object space 75264K, 56% used [0x000000011fa00000,0x0000000122387a70,0x0000000124380000)
 Metaspace       used 17195K, capacity 17628K, committed 17792K, reserved 1064960K
  class space    used 2312K, capacity 2428K, committed 2432K, reserved 1048576K
Event: 16.263 GC heap after
Heap after GC invocations=26 (full 3):
 PSYoungGen      total 344064K, used 3309K [0x000000014a500000, 0x000000015fa00000, 0x000000015fa00000)
  eden space 338944K, 0% used [0x000000014a500000,0x000000014a500000,0x000000015f000000)
  from space 5120K, 64% used [0x000000015f000000,0x000000015f33b650,0x000000015f500000)
  to   space 5120K, 0% used [0x000000015f500000,0x000000015f500000,0x000000015fa00000)
 ParOldGen       total 75264K, used 54676K [0x000000011fa00000, 0x0000000124380000, 0x000000014a500000)
  object space 75264K, 72% used [0x000000011fa00000,0x0000000122f652f0,0x0000000124380000)
 Metaspace       used 17195K, capacity 17628K, committed 17792K, reserved 1064960K
  class space    used 2312K, capacity 2428K, committed 2432K, reserved 1048576K
}

