# JRE version: Java(TM) SE Runtime Environment (8.0_31-b13) (build 1.8.0_31-b13)
# Java VM: Java HotSpot(TM) 64-Bit Server VM (25.31-b07 mixed mode bsd-amd64 compressed oops)
Heap:
 PSYoungGen      total 344064K, used 96782K [0x00000007aab00000, 0x00000007c0000000, 0x00000007c0000000)
  eden space 338944K, 27% used [0x00000007aab00000,0x00000007b06445a8,0x00000007bf600000)
  from space 5120K, 64% used [0x00000007bf600000,0x00000007bf93f640,0x00000007bfb00000)
  to   space 5120K, 0% used [0x00000007bfb00000,0x00000007bfb00000,0x00000007c0000000)
 ParOldGen       total 75776K, used 54676K [0x0000000780000000, 0x0000000784a00000, 0x00000007aab00000)
  object space 75776K, 72% used [0x0000000780000000,0x0000000783565230,0x0000000784a00000)
 Metaspace       used 22958K, capacity 24138K, committed 24320K, reserved 1071104K
  class space    used 3295K, capacity 3523K, committed 3584K, reserved 1048576K
GC Heap History (10 events):
Event: 12.831 GC heap before
{Heap before GC invocations=22 (full 3):
 PSYoungGen      total 344064K, used 3229K [0x00000007aab00000, 0x00000007c0000000, 0x00000007c0000000)
  eden space 338944K, 0% used [0x00000007aab00000,0x00000007aab00000,0x00000007bf600000)
  from space 5120K, 63% used [0x00000007bf600000,0x00000007bf927640,0x00000007bfb00000)
  to   space 5120K, 0% used [0x00000007bfb00000,0x00000007bfb00000,0x00000007c0000000)
 ParOldGen       total 64000K, used 54672K [0x0000000780000000, 0x0000000783e80000, 0x00000007aab00000)
  object space 64000K, 85% used [0x0000000780000000,0x00000007835640e8,0x0000000783e80000)
 Metaspace       used 16986K, capacity 17448K, committed 17536K, reserved 1064960K
  class space    used 2314K, capacity 2428K, committed 2432K, reserved 1048576K
Event: 12.884 GC heap after
Heap after GC invocations=22 (full 3):
 PSYoungGen      total 344064K, used 0K [0x00000007aab00000, 0x00000007c0000000, 0x00000007c0000000)
  eden space 338944K, 0% used [0x00000007aab00000,0x00000007aab00000,0x00000007bf600000)
  from space 5120K, 0% used [0x00000007bf600000,0x00000007bf600000,0x00000007bfb00000)
  to   space 5120K, 0% used [0x00000007bfb00000,0x00000007bfb00000,0x00000007c0000000)
 ParOldGen       total 75776K, used 21247K [0x0000000780000000, 0x0000000784a00000, 0x00000007aab00000)
  object space 75776K, 28% used [0x0000000780000000,0x00000007814bfe70,0x0000000784a00000)
 Metaspace       used 16986K, capacity 17448K, committed 17536K, reserved 1064960K
  class space    used 2314K, capacity 2428K, committed 2432K, reserved 1048576K
}
Event: 13.827 GC heap before
{Heap before GC invocations=23 (full 3):
 PSYoungGen      total 344064K, used 335047K [0x00000007aab00000, 0x00000007c0000000, 0x00000007c0000000)
  eden space 338944K, 98% used [0x00000007aab00000,0x00000007bf231db8,0x00000007bf600000)
  from space 5120K, 0% used [0x00000007bf600000,0x00000007bf600000,0x00000007bfb00000)
  to   space 5120K, 0% used [0x00000007bfb00000,0x00000007bfb00000,0x00000007c0000000)
 ParOldGen       total 75776K, used 21247K [0x0000000780000000, 0x0000000784a00000, 0x00000007aab00000)
  object space 75776K, 28% used [0x0000000780000000,0x00000007814bfe70,0x0000000784a00000)
 Metaspace       used 16988K, capacity 17448K, committed 17536K, reserved 1064960K
  class space    used 2314K, capacity 2428K, committed 2432K, reserved 1048576K
Event: 13.831 GC heap after
Heap after GC invocations=23 (full 3):
 PSYoungGen      total 344064K, used 3197K [0x00000007aab00000, 0x00000007c0000000, 0x00000007c0000000)
  eden space 338944K, 0% used [0x00000007aab00000,0x00000007aab00000,0x00000007bf600000)
  from space 5120K, 62% used [0x00000007bfb00000,0x00000007bfe1f640,0x00000007c0000000)
  to   space 5120K, 0% used [0x00000007bf600000,0x00000007bf600000,0x00000007bfb00000)
 ParOldGen       total 75776K, used 24293K [0x0000000780000000, 0x0000000784a00000, 0x00000007aab00000)
  object space 75776K, 32% used [0x0000000780000000,0x00000007817b94b0,0x0000000784a00000)
 Metaspace       used 16988K, capacity 17448K, committed 17536K, reserved 1064960K
  class space    used 2314K, capacity 2428K, committed 2432K, reserved 1048576K
}
Event: 14.735 GC heap before
{Heap before GC invocations=24 (full 3):
 PSYoungGen      total 344064K, used 337372K [0x00000007aab00000, 0x00000007c0000000, 0x00000007c0000000)
  eden space 338944K, 98% used [0x00000007aab00000,0x00000007bf157af0,0x00000007bf600000)
  from space 5120K, 62% used [0x00000007bfb00000,0x00000007bfe1f640,0x00000007c0000000)
  to   space 5120K, 0% used [0x00000007bf600000,0x00000007bf600000,0x00000007bfb00000)
 ParOldGen       total 75776K, used 24293K [0x0000000780000000, 0x0000000784a00000, 0x00000007aab00000)
  object space 75776K, 32% used [0x0000000780000000,0x00000007817b94b0,0x0000000784a00000)
 Metaspace       used 16989K, capacity 17448K, committed 17536K, reserved 1064960K
  class space    used 2314K, capacity 2428K, committed 2432K, reserved 1048576K
Event: 14.738 GC heap after
Heap after GC invocations=24 (full 3):
 PSYoungGen      total 344064K, used 3229K [0x00000007aab00000, 0x00000007c0000000, 0x00000007c0000000)
  eden space 338944K, 0% used [0x00000007aab00000,0x00000007aab00000,0x00000007bf600000)
  from space 5120K, 63% used [0x00000007bf600000,0x00000007bf927640,0x00000007bfb00000)
  to   space 5120K, 0% used [0x00000007bfb00000,0x00000007bfb00000,0x00000007c0000000)
 ParOldGen       total 75776K, used 36443K [0x0000000780000000, 0x0000000784a00000, 0x00000007aab00000)
  object space 75776K, 48% used [0x0000000780000000,0x0000000782396d30,0x0000000784a00000)
 Metaspace       used 16989K, capacity 17448K, committed 17536K, reserved 1064960K
  class space    used 2314K, capacity 2428K, committed 2432K, reserved 1048576K
}
Event: 15.620 GC heap before
{Heap before GC invocations=25 (full 3):
 PSYoungGen      total 344064K, used 339330K [0x00000007aab00000, 0x00000007c0000000, 0x00000007c0000000)
  eden space 338944K, 99% used [0x00000007aab00000,0x00000007bf3391d0,0x00000007bf600000)
  from space 5120K, 63% used [0x00000007bf600000,0x00000007bf927640,0x00000007bfb00000)
  to   space 5120K, 0% used [0x00000007bfb00000,0x00000007bfb00000,0x00000007c0000000)
 ParOldGen       total 75776K, used 36443K [0x0000000780000000, 0x0000000784a00000, 0x00000007aab00000)
  object space 75776K, 48% used [0x0000000780000000,0x0000000782396d30,0x0000000784a00000)
 Metaspace       used 17018K, capacity 17448K, committed 17536K, reserved 1064960K
  class space    used 2314K, capacity 2428K, committed 2432K, reserved 1048576K
Event: 15.624 GC heap after
Heap after GC invocations=25 (full 3):
 PSYoungGen      total 344064K, used 3261K [0x00000007aab00000, 0x00000007c0000000, 0x00000007c0000000)
  eden space 338944K, 0% used [0x00000007aab00000,0x00000007aab00000,0x00000007bf600000)
  from space 5120K, 63% used [0x00000007bfb00000,0x00000007bfe2f640,0x00000007c0000000)
  to   space 5120K, 0% used [0x00000007bf600000,0x00000007bf600000,0x00000007bfb00000)
 ParOldGen       total 75776K, used 39488K [0x0000000780000000, 0x0000000784a00000, 0x00000007aab00000)
  object space 75776K, 52% used [0x0000000780000000,0x0000000782690370,0x0000000784a00000)
 Metaspace       used 17018K, capacity 17448K, committed 17536K, reserved 1064960K
  class space    used 2314K, capacity 2428K, committed 2432K, reserved 1048576K
}
Event: 16.617 GC heap before
{Heap before GC invocations=26 (full 3):
 PSYoungGen      total 344064K, used 338896K [0x00000007aab00000, 0x00000007c0000000, 0x00000007c0000000)
  eden space 338944K, 99% used [0x00000007aab00000,0x00000007bf2c4c40,0x00000007bf600000)
  from space 5120K, 63% used [0x00000007bfb00000,0x00000007bfe2f640,0x00000007c0000000)
  to   space 5120K, 0% used [0x00000007bf600000,0x00000007bf600000,0x00000007bfb00000)
 ParOldGen       total 75776K, used 39488K [0x0000000780000000, 0x0000000784a00000, 0x00000007aab00000)
  object space 75776K, 52% used [0x0000000780000000,0x0000000782690370,0x0000000784a00000)
 Metaspace       used 17018K, capacity 17448K, committed 17536K, reserved 1064960K
  class space    used 2314K, capacity 2428K, committed 2432K, reserved 1048576K
Event: 16.620 GC heap after
Heap after GC invocations=26 (full 3):
 PSYoungGen      total 344064K, used 3325K [0x00000007aab00000, 0x00000007c0000000, 0x00000007c0000000)
  eden space 338944K, 0% used [0x00000007aab00000,0x00000007aab00000,0x00000007bf600000)
  from space 5120K, 64% used [0x00000007bf600000,0x00000007bf93f640,0x00000007bfb00000)
  to   space 5120K, 0% used [0x00000007bfb00000,0x00000007bfb00000,0x00000007c0000000)
 ParOldGen       total 75776K, used 54676K [0x0000000780000000, 0x0000000784a00000, 0x00000007aab00000)
  object space 75776K, 72% used [0x0000000780000000,0x0000000783565230,0x0000000784a00000)
 Metaspace       used 17018K, capacity 17448K, committed 17536K, reserved 1064960K
  class space    used 2314K, capacity 2428K, committed 2432K, reserved 1048576K
}

