# JRE version: Java(TM) SE Runtime Environment (8.0_31-b13) (build 1.8.0_31-b13)
# Java VM: Java HotSpot(TM) 64-Bit Server VM (25.31-b07 mixed mode bsd-amd64 compressed oops)
Heap:
 PSYoungGen      total 335872K, used 264876K [0x00000007aab00000, 0x00000007c0000000, 0x00000007c0000000)
  eden space 331264K, 79% used [0x00000007aab00000,0x00000007baa93c60,0x00000007bee80000)
  from space 4608K, 68% used [0x00000007bee80000,0x00000007bf197640,0x00000007bf300000)
  to   space 4608K, 0% used [0x00000007bfb80000,0x00000007bfb80000,0x00000007c0000000)
 ParOldGen       total 51200K, used 36255K [0x0000000780000000, 0x0000000783200000, 0x00000007aab00000)
  object space 51200K, 70% used [0x0000000780000000,0x0000000782367e30,0x0000000783200000)
 Metaspace       used 16948K, capacity 17396K, committed 17536K, reserved 1064960K
  class space    used 2315K, capacity 2430K, committed 2432K, reserved 1048576K
GC Heap History (10 events):
Event: 7.522 GC heap before
{Heap before GC invocations=10 (full 0):
 PSYoungGen      total 135168K, used 130509K [0x00000007aab00000, 0x00000007b8000000, 0x00000007c0000000)
  eden space 131072K, 97% used [0x00000007aab00000,0x00000007b2743e68,0x00000007b2b00000)
  from space 4096K, 79% used [0x00000007b2b00000,0x00000007b2e2f640,0x00000007b2f00000)
  to   space 4096K, 0% used [0x00000007b7c00000,0x00000007b7c00000,0x00000007b8000000)
 ParOldGen       total 44032K, used 21528K [0x0000000780000000, 0x0000000782b00000, 0x00000007aab00000)
  object space 44032K, 48% used [0x0000000780000000,0x0000000781506380,0x0000000782b00000)
 Metaspace       used 16912K, capacity 17322K, committed 17536K, reserved 1064960K
  class space    used 2312K, capacity 2429K, committed 2432K, reserved 1048576K
Event: 7.530 GC heap after
Heap after GC invocations=10 (full 0):
 PSYoungGen      total 214016K, used 3197K [0x00000007aab00000, 0x00000007b8000000, 0x00000007c0000000)
  eden space 209920K, 0% used [0x00000007aab00000,0x00000007aab00000,0x00000007b7800000)
  from space 4096K, 78% used [0x00000007b7c00000,0x00000007b7f1f640,0x00000007b8000000)
  to   space 4096K, 0% used [0x00000007b7800000,0x00000007b7800000,0x00000007b7c00000)
 ParOldGen       total 44032K, used 24702K [0x0000000780000000, 0x0000000782b00000, 0x00000007aab00000)
  object space 44032K, 56% used [0x0000000780000000,0x000000078181f9c0,0x0000000782b00000)
 Metaspace       used 16912K, capacity 17322K, committed 17536K, reserved 1064960K
  class space    used 2312K, capacity 2429K, committed 2432K, reserved 1048576K
}
Event: 8.275 GC heap before
{Heap before GC invocations=11 (full 0):
 PSYoungGen      total 214016K, used 208785K [0x00000007aab00000, 0x00000007b8000000, 0x00000007c0000000)
  eden space 209920K, 97% used [0x00000007aab00000,0x00000007b73c5160,0x00000007b7800000)
  from space 4096K, 78% used [0x00000007b7c00000,0x00000007b7f1f640,0x00000007b8000000)
  to   space 4096K, 0% used [0x00000007b7800000,0x00000007b7800000,0x00000007b7c00000)
 ParOldGen       total 44032K, used 24702K [0x0000000780000000, 0x0000000782b00000, 0x00000007aab00000)
  object space 44032K, 56% used [0x0000000780000000,0x000000078181f9c0,0x0000000782b00000)
 Metaspace       used 16917K, capacity 17322K, committed 17536K, reserved 1064960K
  class space    used 2312K, capacity 2429K, committed 2432K, reserved 1048576K
Event: 8.285 GC heap after
Heap after GC invocations=11 (full 0):
 PSYoungGen      total 214016K, used 3197K [0x00000007aab00000, 0x00000007bfb00000, 0x00000007c0000000)
  eden space 209920K, 0% used [0x00000007aab00000,0x00000007aab00000,0x00000007b7800000)
  from space 4096K, 78% used [0x00000007b7800000,0x00000007b7b1f640,0x00000007b7c00000)
  to   space 4096K, 0% used [0x00000007bf700000,0x00000007bf700000,0x00000007bfb00000)
 ParOldGen       total 44032K, used 36908K [0x0000000780000000, 0x0000000782b00000, 0x00000007aab00000)
  object space 44032K, 83% used [0x0000000780000000,0x000000078240b240,0x0000000782b00000)
 Metaspace       used 16917K, capacity 17322K, committed 17536K, reserved 1064960K
  class space    used 2312K, capacity 2429K, committed 2432K, reserved 1048576K
}
Event: 8.285 GC heap before
{Heap before GC invocations=12 (full 1):
 PSYoungGen      total 214016K, used 3197K [0x00000007aab00000, 0x00000007bfb00000, 0x00000007c0000000)
  eden space 209920K, 0% used [0x00000007aab00000,0x00000007aab00000,0x00000007b7800000)
  from space 4096K, 78% used [0x00000007b7800000,0x00000007b7b1f640,0x00000007b7c00000)
  to   space 4096K, 0% used [0x00000007bf700000,0x00000007bf700000,0x00000007bfb00000)
 ParOldGen       total 44032K, used 36908K [0x0000000780000000, 0x0000000782b00000, 0x00000007aab00000)
  object space 44032K, 83% used [0x0000000780000000,0x000000078240b240,0x0000000782b00000)
 Metaspace       used 16917K, capacity 17322K, committed 17536K, reserved 1064960K
  class space    used 2312K, capacity 2429K, committed 2432K, reserved 1048576K
Event: 8.331 GC heap after
Heap after GC invocations=12 (full 1):
 PSYoungGen      total 214016K, used 0K [0x00000007aab00000, 0x00000007bfb00000, 0x00000007c0000000)
  eden space 209920K, 0% used [0x00000007aab00000,0x00000007aab00000,0x00000007b7800000)
  from space 4096K, 0% used [0x00000007b7800000,0x00000007b7800000,0x00000007b7c00000)
  to   space 4096K, 0% used [0x00000007bf700000,0x00000007bf700000,0x00000007bfb00000)
 ParOldGen       total 51200K, used 21035K [0x0000000780000000, 0x0000000783200000, 0x00000007aab00000)
  object space 51200K, 41% used [0x0000000780000000,0x000000078148af70,0x0000000783200000)
 Metaspace       used 16915K, capacity 17320K, committed 17536K, reserved 1064960K
  class space    used 2311K, capacity 2428K, committed 2432K, reserved 1048576K
}
Event: 8.943 GC heap before
{Heap before GC invocations=13 (full 1):
 PSYoungGen      total 214016K, used 209391K [0x00000007aab00000, 0x00000007bfb00000, 0x00000007c0000000)
  eden space 209920K, 99% used [0x00000007aab00000,0x00000007b777bc50,0x00000007b7800000)
  from space 4096K, 0% used [0x00000007b7800000,0x00000007b7800000,0x00000007b7c00000)
  to   space 4096K, 0% used [0x00000007bf700000,0x00000007bf700000,0x00000007bfb00000)
 ParOldGen       total 51200K, used 21035K [0x0000000780000000, 0x0000000783200000, 0x00000007aab00000)
  object space 51200K, 41% used [0x0000000780000000,0x000000078148af70,0x0000000783200000)
 Metaspace       used 16920K, capacity 17320K, committed 17536K, reserved 1064960K
  class space    used 2311K, capacity 2428K, committed 2432K, reserved 1048576K
Event: 8.946 GC heap after
Heap after GC invocations=13 (full 1):
 PSYoungGen      total 309248K, used 96K [0x00000007aab00000, 0x00000007bf780000, 0x00000007c0000000)
  eden space 308736K, 0% used [0x00000007aab00000,0x00000007aab00000,0x00000007bd880000)
  from space 512K, 18% used [0x00000007bf700000,0x00000007bf718000,0x00000007bf780000)
  to   space 4608K, 0% used [0x00000007bee80000,0x00000007bee80000,0x00000007bf300000)
 ParOldGen       total 51200K, used 21043K [0x0000000780000000, 0x0000000783200000, 0x00000007aab00000)
  object space 51200K, 41% used [0x0000000780000000,0x000000078148cf70,0x0000000783200000)
 Metaspace       used 16920K, capacity 17320K, committed 17536K, reserved 1064960K
  class space    used 2311K, capacity 2428K, committed 2432K, reserved 1048576K
}
Event: 9.772 GC heap before
{Heap before GC invocations=14 (full 1):
 PSYoungGen      total 309248K, used 304450K [0x00000007aab00000, 0x00000007bf780000, 0x00000007c0000000)
  eden space 308736K, 98% used [0x00000007aab00000,0x00000007bd4388b8,0x00000007bd880000)
  from space 512K, 18% used [0x00000007bf700000,0x00000007bf718000,0x00000007bf780000)
  to   space 4608K, 0% used [0x00000007bee80000,0x00000007bee80000,0x00000007bf300000)
 ParOldGen       total 51200K, used 21043K [0x0000000780000000, 0x0000000783200000, 0x00000007aab00000)
  object space 51200K, 41% used [0x0000000780000000,0x000000078148cf70,0x0000000783200000)
 Metaspace       used 16920K, capacity 17320K, committed 17536K, reserved 1064960K
  class space    used 2311K, capacity 2428K, committed 2432K, reserved 1048576K
Event: 9.779 GC heap after
Heap after GC invocations=14 (full 1):
 PSYoungGen      total 335872K, used 3165K [0x00000007aab00000, 0x00000007c0000000, 0x00000007c0000000)
  eden space 331264K, 0% used [0x00000007aab00000,0x00000007aab00000,0x00000007bee80000)
  from space 4608K, 68% used [0x00000007bee80000,0x00000007bf197640,0x00000007bf300000)
  to   space 4608K, 0% used [0x00000007bfb80000,0x00000007bfb80000,0x00000007c0000000)
 ParOldGen       total 51200K, used 36255K [0x0000000780000000, 0x0000000783200000, 0x00000007aab00000)
  object space 51200K, 70% used [0x0000000780000000,0x0000000782367e30,0x0000000783200000)
 Metaspace       used 16920K, capacity 17320K, committed 17536K, reserved 1064960K
  class space    used 2311K, capacity 2428K, committed 2432K, reserved 1048576K
}

