# JRE version: Java(TM) SE Runtime Environment (8.0_60-b27) (build 1.8.0_60-b27)
# Java VM: Java HotSpot(TM) 64-Bit Server VM (25.60-b23 mixed mode bsd-amd64 compressed oops)
Heap:
 PSYoungGen      total 70144K, used 65532K [0x00000007aab00000, 0x00000007afa80000, 0x00000007c0000000)
  eden space 62976K, 97% used [0x00000007aab00000,0x00000007ae6c2a70,0x00000007ae880000)
  from space 7168K, 60% used [0x00000007af380000,0x00000007af7bc810,0x00000007afa80000)
  to   space 9216K, 0% used [0x00000007ae880000,0x00000007ae880000,0x00000007af180000)
 ParOldGen       total 86528K, used 66660K [0x0000000780000000, 0x0000000785480000, 0x00000007aab00000)
  object space 86528K, 77% used [0x0000000780000000,0x00000007841192f8,0x0000000785480000)
 Metaspace       used 24636K, capacity 26256K, committed 26496K, reserved 1071104K
  class space    used 3589K, capacity 3876K, committed 3968K, reserved 1048576K
GC Heap History (10 events):
Event: 334.741 GC heap before
{Heap before GC invocations=17 (full 3):
 PSYoungGen      total 33792K, used 25600K [0x00000007aab00000, 0x00000007ae280000, 0x00000007c0000000)
  eden space 25600K, 100% used [0x00000007aab00000,0x00000007ac400000,0x00000007ac400000)
  from space 8192K, 0% used [0x00000007ac400000,0x00000007ac400000,0x00000007acc00000)
  to   space 8192K, 0% used [0x00000007ada80000,0x00000007ada80000,0x00000007ae280000)
 ParOldGen       total 86528K, used 54695K [0x0000000780000000, 0x0000000785480000, 0x00000007aab00000)
  object space 86528K, 63% used [0x0000000780000000,0x0000000783569ea8,0x0000000785480000)
 Metaspace       used 23837K, capacity 25264K, committed 25600K, reserved 1071104K
  class space    used 3464K, capacity 3738K, committed 3840K, reserved 1048576K
Event: 334.749 GC heap after
Heap after GC invocations=17 (full 3):
 PSYoungGen      total 42496K, used 4882K [0x00000007aab00000, 0x00000007adf80000, 0x00000007c0000000)
  eden space 37376K, 0% used [0x00000007aab00000,0x00000007aab00000,0x00000007acf80000)
  from space 5120K, 95% used [0x00000007ada80000,0x00000007adf44810,0x00000007adf80000)
  to   space 8192K, 0% used [0x00000007acf80000,0x00000007acf80000,0x00000007ad780000)
 ParOldGen       total 86528K, used 54703K [0x0000000780000000, 0x0000000785480000, 0x00000007aab00000)
  object space 86528K, 63% used [0x0000000780000000,0x000000078356bea8,0x0000000785480000)
 Metaspace       used 23837K, capacity 25264K, committed 25600K, reserved 1071104K
  class space    used 3464K, capacity 3738K, committed 3840K, reserved 1048576K
}
Event: 339.382 GC heap before
{Heap before GC invocations=18 (full 3):
 PSYoungGen      total 42496K, used 42258K [0x00000007aab00000, 0x00000007adf80000, 0x00000007c0000000)
  eden space 37376K, 100% used [0x00000007aab00000,0x00000007acf80000,0x00000007acf80000)
  from space 5120K, 95% used [0x00000007ada80000,0x00000007adf44810,0x00000007adf80000)
  to   space 8192K, 0% used [0x00000007acf80000,0x00000007acf80000,0x00000007ad780000)
 ParOldGen       total 86528K, used 54703K [0x0000000780000000, 0x0000000785480000, 0x00000007aab00000)
  object space 86528K, 63% used [0x0000000780000000,0x000000078356bea8,0x0000000785480000)
 Metaspace       used 23898K, capacity 25334K, committed 25600K, reserved 1071104K
  class space    used 3469K, capacity 3739K, committed 3840K, reserved 1048576K
Event: 339.391 GC heap after
Heap after GC invocations=18 (full 3):
 PSYoungGen      total 45568K, used 256K [0x00000007aab00000, 0x00000007af000000, 0x00000007c0000000)
  eden space 37376K, 0% used [0x00000007aab00000,0x00000007aab00000,0x00000007acf80000)
  from space 8192K, 3% used [0x00000007acf80000,0x00000007acfc0000,0x00000007ad780000)
  to   space 8704K, 0% used [0x00000007ae780000,0x00000007ae780000,0x00000007af000000)
 ParOldGen       total 86528K, used 59378K [0x0000000780000000, 0x0000000785480000, 0x00000007aab00000)
  object space 86528K, 68% used [0x0000000780000000,0x00000007839fcad8,0x0000000785480000)
 Metaspace       used 23898K, capacity 25334K, committed 25600K, reserved 1071104K
  class space    used 3469K, capacity 3739K, committed 3840K, reserved 1048576K
}
Event: 343.627 GC heap before
{Heap before GC invocations=19 (full 3):
 PSYoungGen      total 45568K, used 34929K [0x00000007aab00000, 0x00000007af000000, 0x00000007c0000000)
  eden space 37376K, 92% used [0x00000007aab00000,0x00000007accdc468,0x00000007acf80000)
  from space 8192K, 3% used [0x00000007acf80000,0x00000007acfc0000,0x00000007ad780000)
  to   space 8704K, 0% used [0x00000007ae780000,0x00000007ae780000,0x00000007af000000)
 ParOldGen       total 86528K, used 59378K [0x0000000780000000, 0x0000000785480000, 0x00000007aab00000)
  object space 86528K, 68% used [0x0000000780000000,0x00000007839fcad8,0x0000000785480000)
 Metaspace       used 23929K, capacity 25334K, committed 25600K, reserved 1071104K
  class space    used 3469K, capacity 3739K, committed 3840K, reserved 1048576K
Event: 343.629 GC heap after
Heap after GC invocations=19 (full 3):
 PSYoungGen      total 58880K, used 160K [0x00000007aab00000, 0x00000007aee80000, 0x00000007c0000000)
  eden space 51712K, 0% used [0x00000007aab00000,0x00000007aab00000,0x00000007add80000)
  from space 7168K, 2% used [0x00000007ae780000,0x00000007ae7a8000,0x00000007aee80000)
  to   space 8704K, 0% used [0x00000007add80000,0x00000007add80000,0x00000007ae600000)
 ParOldGen       total 86528K, used 59490K [0x0000000780000000, 0x0000000785480000, 0x00000007aab00000)
  object space 86528K, 68% used [0x0000000780000000,0x0000000783a18ad8,0x0000000785480000)
 Metaspace       used 23929K, capacity 25334K, committed 25600K, reserved 1071104K
  class space    used 3469K, capacity 3739K, committed 3840K, reserved 1048576K
}
Event: 348.724 GC heap before
{Heap before GC invocations=20 (full 3):
 PSYoungGen      total 58880K, used 51872K [0x00000007aab00000, 0x00000007aee80000, 0x00000007c0000000)
  eden space 51712K, 100% used [0x00000007aab00000,0x00000007add80000,0x00000007add80000)
  from space 7168K, 2% used [0x00000007ae780000,0x00000007ae7a8000,0x00000007aee80000)
  to   space 8704K, 0% used [0x00000007add80000,0x00000007add80000,0x00000007ae600000)
 ParOldGen       total 86528K, used 59490K [0x0000000780000000, 0x0000000785480000, 0x00000007aab00000)
  object space 86528K, 68% used [0x0000000780000000,0x0000000783a18ad8,0x0000000785480000)
 Metaspace       used 24497K, capacity 26062K, committed 26240K, reserved 1071104K
  class space    used 3577K, capacity 3865K, committed 3968K, reserved 1048576K
Event: 348.747 GC heap after
Heap after GC invocations=20 (full 3):
 PSYoungGen      total 60416K, used 7250K [0x00000007aab00000, 0x00000007afd00000, 0x00000007c0000000)
  eden space 51712K, 0% used [0x00000007aab00000,0x00000007aab00000,0x00000007add80000)
  from space 8704K, 83% used [0x00000007add80000,0x00000007ae494810,0x00000007ae600000)
  to   space 9728K, 0% used [0x00000007af380000,0x00000007af380000,0x00000007afd00000)
 ParOldGen       total 86528K, used 59530K [0x0000000780000000, 0x0000000785480000, 0x00000007aab00000)
  object space 86528K, 68% used [0x0000000780000000,0x0000000783a22ad8,0x0000000785480000)
 Metaspace       used 24497K, capacity 26062K, committed 26240K, reserved 1071104K
  class space    used 3577K, capacity 3865K, committed 3968K, reserved 1048576K
}
Event: 467.600 GC heap before
{Heap before GC invocations=21 (full 3):
 PSYoungGen      total 60416K, used 58962K [0x00000007aab00000, 0x00000007afd00000, 0x00000007c0000000)
  eden space 51712K, 100% used [0x00000007aab00000,0x00000007add80000,0x00000007add80000)
  from space 8704K, 83% used [0x00000007add80000,0x00000007ae494810,0x00000007ae600000)
  to   space 9728K, 0% used [0x00000007af380000,0x00000007af380000,0x00000007afd00000)
 ParOldGen       total 86528K, used 59530K [0x0000000780000000, 0x0000000785480000, 0x00000007aab00000)
  object space 86528K, 68% used [0x0000000780000000,0x0000000783a22ad8,0x0000000785480000)
 Metaspace       used 24548K, capacity 26098K, committed 26240K, reserved 1071104K
  class space    used 3583K, capacity 3869K, committed 3968K, reserved 1048576K
Event: 467.650 GC heap after
Heap after GC invocations=21 (full 3):
 PSYoungGen      total 70144K, used 4338K [0x00000007aab00000, 0x00000007afa80000, 0x00000007c0000000)
  eden space 62976K, 0% used [0x00000007aab00000,0x00000007aab00000,0x00000007ae880000)
  from space 7168K, 60% used [0x00000007af380000,0x00000007af7bc810,0x00000007afa80000)
  to   space 9216K, 0% used [0x00000007ae880000,0x00000007ae880000,0x00000007af180000)
 ParOldGen       total 86528K, used 66660K [0x0000000780000000, 0x0000000785480000, 0x00000007aab00000)
  object space 86528K, 77% used [0x0000000780000000,0x00000007841192f8,0x0000000785480000)
 Metaspace       used 24548K, capacity 26098K, committed 26240K, reserved 1071104K
  class space    used 3583K, capacity 3869K, committed 3968K, reserved 1048576K
}

