# JRE version: Java(TM) SE Runtime Environment (8.0_31-b13) (build 1.8.0_31-b13)
# Java VM: Java HotSpot(TM) 64-Bit Server VM (25.31-b07 mixed mode bsd-amd64 compressed oops)
Heap:
 PSYoungGen      total 344064K, used 125941K [0x00000007aab00000, 0x00000007c0000000, 0x00000007c0000000)
  eden space 338944K, 37% used [0x00000007aab00000,0x00000007b25dd4d8,0x00000007bf600000)
  from space 5120K, 2% used [0x00000007bf600000,0x00000007bf620000,0x00000007bfb00000)
  to   space 5120K, 0% used [0x00000007bfb00000,0x00000007bfb00000,0x00000007c0000000)
 ParOldGen       total 55296K, used 15116K [0x0000000780000000, 0x0000000783600000, 0x00000007aab00000)
  object space 55296K, 27% used [0x0000000780000000,0x0000000780ec31f8,0x0000000783600000)
 Metaspace       used 17008K, capacity 17460K, committed 17536K, reserved 1064960K
  class space    used 2319K, capacity 2430K, committed 2432K, reserved 1048576K
GC Heap History (10 events):
Event: 9.760 GC heap before
{Heap before GC invocations=15 (full 1):
 PSYoungGen      total 335872K, used 331424K [0x00000007aab00000, 0x00000007c0000000, 0x00000007c0000000)
  eden space 331264K, 100% used [0x00000007aab00000,0x00000007bee80000,0x00000007bee80000)
  from space 4608K, 3% used [0x00000007bee80000,0x00000007beea8000,0x00000007bf300000)
  to   space 5120K, 0% used [0x00000007bfb00000,0x00000007bfb00000,0x00000007c0000000)
 ParOldGen       total 51200K, used 21085K [0x0000000780000000, 0x0000000783200000, 0x00000007aab00000)
  object space 51200K, 41% used [0x0000000780000000,0x00000007814977f0,0x0000000783200000)
 Metaspace       used 16961K, capacity 17384K, committed 17536K, reserved 1064960K
  class space    used 2315K, capacity 2428K, committed 2432K, reserved 1048576K
Event: 9.761 GC heap after
Heap after GC invocations=15 (full 1):
 PSYoungGen      total 344064K, used 160K [0x00000007aab00000, 0x00000007c0000000, 0x00000007c0000000)
  eden space 338944K, 0% used [0x00000007aab00000,0x00000007aab00000,0x00000007bf600000)
  from space 5120K, 3% used [0x00000007bfb00000,0x00000007bfb28000,0x00000007c0000000)
  to   space 5120K, 0% used [0x00000007bf600000,0x00000007bf600000,0x00000007bfb00000)
 ParOldGen       total 51200K, used 21125K [0x0000000780000000, 0x0000000783200000, 0x00000007aab00000)
  object space 51200K, 41% used [0x0000000780000000,0x00000007814a17f0,0x0000000783200000)
 Metaspace       used 16961K, capacity 17384K, committed 17536K, reserved 1064960K
  class space    used 2315K, capacity 2428K, committed 2432K, reserved 1048576K
}
Event: 10.524 GC heap before
{Heap before GC invocations=16 (full 1):
 PSYoungGen      total 344064K, used 335273K [0x00000007aab00000, 0x00000007c0000000, 0x00000007c0000000)
  eden space 338944K, 98% used [0x00000007aab00000,0x00000007bf2425c8,0x00000007bf600000)
  from space 5120K, 3% used [0x00000007bfb00000,0x00000007bfb28000,0x00000007c0000000)
  to   space 5120K, 0% used [0x00000007bf600000,0x00000007bf600000,0x00000007bfb00000)
 ParOldGen       total 51200K, used 21125K [0x0000000780000000, 0x0000000783200000, 0x00000007aab00000)
  object space 51200K, 41% used [0x0000000780000000,0x00000007814a17f0,0x0000000783200000)
 Metaspace       used 16965K, capacity 17384K, committed 17536K, reserved 1064960K
  class space    used 2315K, capacity 2428K, committed 2432K, reserved 1048576K
Event: 10.529 GC heap after
Heap after GC invocations=16 (full 1):
 PSYoungGen      total 344064K, used 3197K [0x00000007aab00000, 0x00000007c0000000, 0x00000007c0000000)
  eden space 338944K, 0% used [0x00000007aab00000,0x00000007aab00000,0x00000007bf600000)
  from space 5120K, 62% used [0x00000007bf600000,0x00000007bf91f640,0x00000007bfb00000)
  to   space 5120K, 0% used [0x00000007bfb00000,0x00000007bfb00000,0x00000007c0000000)
 ParOldGen       total 51200K, used 36361K [0x0000000780000000, 0x0000000783200000, 0x00000007aab00000)
  object space 51200K, 71% used [0x0000000780000000,0x00000007823826b0,0x0000000783200000)
 Metaspace       used 16965K, capacity 17384K, committed 17536K, reserved 1064960K
  class space    used 2315K, capacity 2428K, committed 2432K, reserved 1048576K
}
Event: 11.359 GC heap before
{Heap before GC invocations=17 (full 1):
 PSYoungGen      total 344064K, used 339151K [0x00000007aab00000, 0x00000007c0000000, 0x00000007c0000000)
  eden space 338944K, 99% used [0x00000007aab00000,0x00000007bf314758,0x00000007bf600000)
  from space 5120K, 62% used [0x00000007bf600000,0x00000007bf91f640,0x00000007bfb00000)
  to   space 5120K, 0% used [0x00000007bfb00000,0x00000007bfb00000,0x00000007c0000000)
 ParOldGen       total 51200K, used 36361K [0x0000000780000000, 0x0000000783200000, 0x00000007aab00000)
  object space 51200K, 71% used [0x0000000780000000,0x00000007823826b0,0x0000000783200000)
 Metaspace       used 16970K, capacity 17384K, committed 17536K, reserved 1064960K
  class space    used 2315K, capacity 2428K, committed 2432K, reserved 1048576K
Event: 11.363 GC heap after
Heap after GC invocations=17 (full 1):
 PSYoungGen      total 344064K, used 3197K [0x00000007aab00000, 0x00000007c0000000, 0x00000007c0000000)
  eden space 338944K, 0% used [0x00000007aab00000,0x00000007aab00000,0x00000007bf600000)
  from space 5120K, 62% used [0x00000007bfb00000,0x00000007bfe1f640,0x00000007c0000000)
  to   space 5120K, 0% used [0x00000007bf600000,0x00000007bf600000,0x00000007bfb00000)
 ParOldGen       total 51200K, used 39447K [0x0000000780000000, 0x0000000783200000, 0x00000007aab00000)
  object space 51200K, 77% used [0x0000000780000000,0x0000000782685cf0,0x0000000783200000)
 Metaspace       used 16970K, capacity 17384K, committed 17536K, reserved 1064960K
  class space    used 2315K, capacity 2428K, committed 2432K, reserved 1048576K
}
Event: 11.363 GC heap before
{Heap before GC invocations=18 (full 2):
 PSYoungGen      total 344064K, used 3197K [0x00000007aab00000, 0x00000007c0000000, 0x00000007c0000000)
  eden space 338944K, 0% used [0x00000007aab00000,0x00000007aab00000,0x00000007bf600000)
  from space 5120K, 62% used [0x00000007bfb00000,0x00000007bfe1f640,0x00000007c0000000)
  to   space 5120K, 0% used [0x00000007bf600000,0x00000007bf600000,0x00000007bfb00000)
 ParOldGen       total 51200K, used 39447K [0x0000000780000000, 0x0000000783200000, 0x00000007aab00000)
  object space 51200K, 77% used [0x0000000780000000,0x0000000782685cf0,0x0000000783200000)
 Metaspace       used 16970K, capacity 17384K, committed 17536K, reserved 1064960K
  class space    used 2315K, capacity 2428K, committed 2432K, reserved 1048576K
Event: 11.384 GC heap after
Heap after GC invocations=18 (full 2):
 PSYoungGen      total 344064K, used 0K [0x00000007aab00000, 0x00000007c0000000, 0x00000007c0000000)
  eden space 338944K, 0% used [0x00000007aab00000,0x00000007aab00000,0x00000007bf600000)
  from space 5120K, 0% used [0x00000007bfb00000,0x00000007bfb00000,0x00000007c0000000)
  to   space 5120K, 0% used [0x00000007bf600000,0x00000007bf600000,0x00000007bfb00000)
 ParOldGen       total 55296K, used 15116K [0x0000000780000000, 0x0000000783600000, 0x00000007aab00000)
  object space 55296K, 27% used [0x0000000780000000,0x0000000780ec31f8,0x0000000783600000)
 Metaspace       used 16970K, capacity 17384K, committed 17536K, reserved 1064960K
  class space    used 2315K, capacity 2428K, committed 2432K, reserved 1048576K
}
Event: 12.284 GC heap before
{Heap before GC invocations=19 (full 2):
 PSYoungGen      total 344064K, used 338944K [0x00000007aab00000, 0x00000007c0000000, 0x00000007c0000000)
  eden space 338944K, 100% used [0x00000007aab00000,0x00000007bf600000,0x00000007bf600000)
  from space 5120K, 0% used [0x00000007bfb00000,0x00000007bfb00000,0x00000007c0000000)
  to   space 5120K, 0% used [0x00000007bf600000,0x00000007bf600000,0x00000007bfb00000)
 ParOldGen       total 55296K, used 15116K [0x0000000780000000, 0x0000000783600000, 0x00000007aab00000)
  object space 55296K, 27% used [0x0000000780000000,0x0000000780ec31f8,0x0000000783600000)
 Metaspace       used 16987K, capacity 17448K, committed 17536K, reserved 1064960K
  class space    used 2315K, capacity 2428K, committed 2432K, reserved 1048576K
Event: 12.285 GC heap after
Heap after GC invocations=19 (full 2):
 PSYoungGen      total 344064K, used 128K [0x00000007aab00000, 0x00000007c0000000, 0x00000007c0000000)
  eden space 338944K, 0% used [0x00000007aab00000,0x00000007aab00000,0x00000007bf600000)
  from space 5120K, 2% used [0x00000007bf600000,0x00000007bf620000,0x00000007bfb00000)
  to   space 5120K, 0% used [0x00000007bfb00000,0x00000007bfb00000,0x00000007c0000000)
 ParOldGen       total 55296K, used 15116K [0x0000000780000000, 0x0000000783600000, 0x00000007aab00000)
  object space 55296K, 27% used [0x0000000780000000,0x0000000780ec31f8,0x0000000783600000)
 Metaspace       used 16987K, capacity 17448K, committed 17536K, reserved 1064960K
  class space    used 2315K, capacity 2428K, committed 2432K, reserved 1048576K
}

