# JRE version: Java(TM) SE Runtime Environment (8.0_31-b13) (build 1.8.0_31-b13)
# Java VM: Java HotSpot(TM) 64-Bit Server VM (25.31-b07 mixed mode bsd-amd64 compressed oops)
Heap:
 PSYoungGen      total 35328K, used 17255K [0x00000007aab00000, 0x00000007af000000, 0x00000007c0000000)
  eden space 32768K, 52% used [0x00000007aab00000,0x00000007abbd9cf8,0x00000007acb00000)
  from space 2560K, 0% used [0x00000007acb00000,0x00000007acb00000,0x00000007acd80000)
  to   space 2560K, 0% used [0x00000007aed80000,0x00000007aed80000,0x00000007af000000)
 ParOldGen       total 121344K, used 86211K [0x0000000780000000, 0x0000000787680000, 0x00000007aab00000)
  object space 121344K, 71% used [0x0000000780000000,0x0000000785430fd8,0x0000000787680000)
 Metaspace       used 21316K, capacity 22712K, committed 22912K, reserved 1069056K
  class space    used 3182K, capacity 3416K, committed 3456K, reserved 1048576K
GC Heap History (8 events):
Event: 0.873 GC heap before
{Heap before GC invocations=1 (full 0):
 PSYoungGen      total 18944K, used 16384K [0x00000007aab00000, 0x00000007ac000000, 0x00000007c0000000)
  eden space 16384K, 100% used [0x00000007aab00000,0x00000007abb00000,0x00000007abb00000)
  from space 2560K, 0% used [0x00000007abd80000,0x00000007abd80000,0x00000007ac000000)
  to   space 2560K, 0% used [0x00000007abb00000,0x00000007abb00000,0x00000007abd80000)
 ParOldGen       total 44032K, used 0K [0x0000000780000000, 0x0000000782b00000, 0x00000007aab00000)
  object space 44032K, 0% used [0x0000000780000000,0x0000000780000000,0x0000000782b00000)
 Metaspace       used 8851K, capacity 9340K, committed 9472K, reserved 1056768K
  class space    used 1162K, capacity 1270K, committed 1280K, reserved 1048576K
Event: 0.899 GC heap after
Heap after GC invocations=1 (full 0):
 PSYoungGen      total 18944K, used 2544K [0x00000007aab00000, 0x00000007ad000000, 0x00000007c0000000)
  eden space 16384K, 0% used [0x00000007aab00000,0x00000007aab00000,0x00000007abb00000)
  from space 2560K, 99% used [0x00000007abb00000,0x00000007abd7c030,0x00000007abd80000)
  to   space 2560K, 0% used [0x00000007acd80000,0x00000007acd80000,0x00000007ad000000)
 ParOldGen       total 44032K, used 99K [0x0000000780000000, 0x0000000782b00000, 0x00000007aab00000)
  object space 44032K, 0% used [0x0000000780000000,0x0000000780018cf8,0x0000000782b00000)
 Metaspace       used 8851K, capacity 9340K, committed 9472K, reserved 1056768K
  class space    used 1162K, capacity 1270K, committed 1280K, reserved 1048576K
}
Event: 1.795 GC heap before
{Heap before GC invocations=2 (full 0):
 PSYoungGen      total 18944K, used 18928K [0x00000007aab00000, 0x00000007ad000000, 0x00000007c0000000)
  eden space 16384K, 100% used [0x00000007aab00000,0x00000007abb00000,0x00000007abb00000)
  from space 2560K, 99% used [0x00000007abb00000,0x00000007abd7c030,0x00000007abd80000)
  to   space 2560K, 0% used [0x00000007acd80000,0x00000007acd80000,0x00000007ad000000)
 ParOldGen       total 44032K, used 99K [0x0000000780000000, 0x0000000782b00000, 0x00000007aab00000)
  object space 44032K, 0% used [0x0000000780000000,0x0000000780018cf8,0x0000000782b00000)
 Metaspace       used 14216K, capacity 14888K, committed 14976K, reserved 1062912K
  class space    used 2238K, capacity 2380K, committed 2432K, reserved 1048576K
Event: 1.816 GC heap after
Heap after GC invocations=2 (full 0):
 PSYoungGen      total 35328K, used 2553K [0x00000007aab00000, 0x00000007ad000000, 0x00000007c0000000)
  eden space 32768K, 0% used [0x00000007aab00000,0x00000007aab00000,0x00000007acb00000)
  from space 2560K, 99% used [0x00000007acd80000,0x00000007acffe450,0x00000007ad000000)
  to   space 2560K, 0% used [0x00000007acb00000,0x00000007acb00000,0x00000007acd80000)
 ParOldGen       total 44032K, used 2495K [0x0000000780000000, 0x0000000782b00000, 0x00000007aab00000)
  object space 44032K, 5% used [0x0000000780000000,0x000000078026fdc8,0x0000000782b00000)
 Metaspace       used 14216K, capacity 14888K, committed 14976K, reserved 1062912K
  class space    used 2238K, capacity 2380K, committed 2432K, reserved 1048576K
}
Event: 9.968 GC heap before
{Heap before GC invocations=3 (full 0):
 PSYoungGen      total 35328K, used 33744K [0x00000007aab00000, 0x00000007ad000000, 0x00000007c0000000)
  eden space 32768K, 95% used [0x00000007aab00000,0x00000007ac975f38,0x00000007acb00000)
  from space 2560K, 99% used [0x00000007acd80000,0x00000007acffe450,0x00000007ad000000)
  to   space 2560K, 0% used [0x00000007acb00000,0x00000007acb00000,0x00000007acd80000)
 ParOldGen       total 81920K, used 77495K [0x0000000780000000, 0x0000000785000000, 0x00000007aab00000)
  object space 81920K, 94% used [0x0000000780000000,0x0000000784bade08,0x0000000785000000)
 Metaspace       used 19940K, capacity 21122K, committed 21248K, reserved 1067008K
  class space    used 3023K, capacity 3233K, committed 3328K, reserved 1048576K
Event: 10.006 GC heap after
Heap after GC invocations=3 (full 0):
 PSYoungGen      total 35328K, used 2528K [0x00000007aab00000, 0x00000007af000000, 0x00000007c0000000)
  eden space 32768K, 0% used [0x00000007aab00000,0x00000007aab00000,0x00000007acb00000)
  from space 2560K, 98% used [0x00000007acb00000,0x00000007acd78020,0x00000007acd80000)
  to   space 2560K, 0% used [0x00000007aed80000,0x00000007aed80000,0x00000007af000000)
 ParOldGen       total 87040K, used 85854K [0x0000000780000000, 0x0000000785500000, 0x00000007aab00000)
  object space 87040K, 98% used [0x0000000780000000,0x00000007853d7998,0x0000000785500000)
 Metaspace       used 19940K, capacity 21122K, committed 21248K, reserved 1067008K
  class space    used 3023K, capacity 3233K, committed 3328K, reserved 1048576K
}
Event: 10.006 GC heap before
{Heap before GC invocations=4 (full 1):
 PSYoungGen      total 35328K, used 2528K [0x00000007aab00000, 0x00000007af000000, 0x00000007c0000000)
  eden space 32768K, 0% used [0x00000007aab00000,0x00000007aab00000,0x00000007acb00000)
  from space 2560K, 98% used [0x00000007acb00000,0x00000007acd78020,0x00000007acd80000)
  to   space 2560K, 0% used [0x00000007aed80000,0x00000007aed80000,0x00000007af000000)
 ParOldGen       total 87040K, used 85854K [0x0000000780000000, 0x0000000785500000, 0x00000007aab00000)
  object space 87040K, 98% used [0x0000000780000000,0x00000007853d7998,0x0000000785500000)
 Metaspace       used 19940K, capacity 21122K, committed 21248K, reserved 1067008K
  class space    used 3023K, capacity 3233K, committed 3328K, reserved 1048576K
Event: 10.130 GC heap after
Heap after GC invocations=4 (full 1):
 PSYoungGen      total 35328K, used 0K [0x00000007aab00000, 0x00000007af000000, 0x00000007c0000000)
  eden space 32768K, 0% used [0x00000007aab00000,0x00000007aab00000,0x00000007acb00000)
  from space 2560K, 0% used [0x00000007acb00000,0x00000007acb00000,0x00000007acd80000)
  to   space 2560K, 0% used [0x00000007aed80000,0x00000007aed80000,0x00000007af000000)
 ParOldGen       total 121344K, used 86211K [0x0000000780000000, 0x0000000787680000, 0x00000007aab00000)
  object space 121344K, 71% used [0x0000000780000000,0x0000000785430fd8,0x0000000787680000)
 Metaspace       used 19939K, capacity 21120K, committed 21248K, reserved 1067008K
  class space    used 3022K, capacity 3232K, committed 3328K, reserved 1048576K
}

