# JRE version: Java(TM) SE Runtime Environment (8.0_31-b13) (build 1.8.0_31-b13)
# Java VM: Java HotSpot(TM) 64-Bit Server VM (25.31-b07 mixed mode bsd-amd64 compressed oops)
Heap:
 PSYoungGen      total 343552K, used 126238K [0x00000007aab00000, 0x00000007c0000000, 0x00000007c0000000)
  eden space 338944K, 36% used [0x00000007aab00000,0x00000007b230c2e0,0x00000007bf600000)
  from space 4608K, 71% used [0x00000007bf600000,0x00000007bf93b650,0x00000007bfa80000)
  to   space 4608K, 0% used [0x00000007bfb80000,0x00000007bfb80000,0x00000007c0000000)
 ParOldGen       total 72704K, used 48601K [0x0000000780000000, 0x0000000784700000, 0x00000007aab00000)
  object space 72704K, 66% used [0x0000000780000000,0x0000000782f765b0,0x0000000784700000)
 Metaspace       used 24065K, capacity 25198K, committed 25344K, reserved 1071104K
  class space    used 3336K, capacity 3563K, committed 3584K, reserved 1048576K
GC Heap History (10 events):
Event: 13.195 GC heap before
{Heap before GC invocations=22 (full 3):
 PSYoungGen      total 344064K, used 3165K [0x00000007aab00000, 0x00000007c0000000, 0x00000007c0000000)
  eden space 338944K, 0% used [0x00000007aab00000,0x00000007aab00000,0x00000007bf600000)
  from space 5120K, 61% used [0x00000007bf600000,0x00000007bf917640,0x00000007bfb00000)
  to   space 5120K, 0% used [0x00000007bfb00000,0x00000007bfb00000,0x00000007c0000000)
 ParOldGen       total 62464K, used 54718K [0x0000000780000000, 0x0000000783d00000, 0x00000007aab00000)
  object space 62464K, 87% used [0x0000000780000000,0x000000078356fa88,0x0000000783d00000)
 Metaspace       used 17187K, capacity 17576K, committed 17792K, reserved 1064960K
  class space    used 2316K, capacity 2428K, committed 2432K, reserved 1048576K
Event: 13.244 GC heap after
Heap after GC invocations=22 (full 3):
 PSYoungGen      total 344064K, used 0K [0x00000007aab00000, 0x00000007c0000000, 0x00000007c0000000)
  eden space 338944K, 0% used [0x00000007aab00000,0x00000007aab00000,0x00000007bf600000)
  from space 5120K, 0% used [0x00000007bf600000,0x00000007bf600000,0x00000007bfb00000)
  to   space 5120K, 0% used [0x00000007bfb00000,0x00000007bfb00000,0x00000007c0000000)
 ParOldGen       total 72704K, used 21247K [0x0000000780000000, 0x0000000784700000, 0x00000007aab00000)
  object space 72704K, 29% used [0x0000000780000000,0x00000007814bfe70,0x0000000784700000)
 Metaspace       used 17187K, capacity 17576K, committed 17792K, reserved 1064960K
  class space    used 2316K, capacity 2428K, committed 2432K, reserved 1048576K
}
Event: 14.129 GC heap before
{Heap before GC invocations=23 (full 3):
 PSYoungGen      total 344064K, used 335164K [0x00000007aab00000, 0x00000007c0000000, 0x00000007c0000000)
  eden space 338944K, 98% used [0x00000007aab00000,0x00000007bf24f398,0x00000007bf600000)
  from space 5120K, 0% used [0x00000007bf600000,0x00000007bf600000,0x00000007bfb00000)
  to   space 5120K, 0% used [0x00000007bfb00000,0x00000007bfb00000,0x00000007c0000000)
 ParOldGen       total 72704K, used 21247K [0x0000000780000000, 0x0000000784700000, 0x00000007aab00000)
  object space 72704K, 29% used [0x0000000780000000,0x00000007814bfe70,0x0000000784700000)
 Metaspace       used 17189K, capacity 17576K, committed 17792K, reserved 1064960K
  class space    used 2316K, capacity 2428K, committed 2432K, reserved 1048576K
Event: 14.131 GC heap after
Heap after GC invocations=23 (full 3):
 PSYoungGen      total 344064K, used 3197K [0x00000007aab00000, 0x00000007c0000000, 0x00000007c0000000)
  eden space 338944K, 0% used [0x00000007aab00000,0x00000007aab00000,0x00000007bf600000)
  from space 5120K, 62% used [0x00000007bfb00000,0x00000007bfe1f640,0x00000007c0000000)
  to   space 5120K, 0% used [0x00000007bf600000,0x00000007bf600000,0x00000007bfb00000)
 ParOldGen       total 72704K, used 24293K [0x0000000780000000, 0x0000000784700000, 0x00000007aab00000)
  object space 72704K, 33% used [0x0000000780000000,0x00000007817b94b0,0x0000000784700000)
 Metaspace       used 17189K, capacity 17576K, committed 17792K, reserved 1064960K
  class space    used 2316K, capacity 2428K, committed 2432K, reserved 1048576K
}
Event: 15.017 GC heap before
{Heap before GC invocations=24 (full 3):
 PSYoungGen      total 344064K, used 337431K [0x00000007aab00000, 0x00000007c0000000, 0x00000007c0000000)
  eden space 338944K, 98% used [0x00000007aab00000,0x00000007bf166910,0x00000007bf600000)
  from space 5120K, 62% used [0x00000007bfb00000,0x00000007bfe1f640,0x00000007c0000000)
  to   space 5120K, 0% used [0x00000007bf600000,0x00000007bf600000,0x00000007bfb00000)
 ParOldGen       total 72704K, used 24293K [0x0000000780000000, 0x0000000784700000, 0x00000007aab00000)
  object space 72704K, 33% used [0x0000000780000000,0x00000007817b94b0,0x0000000784700000)
 Metaspace       used 17190K, capacity 17576K, committed 17792K, reserved 1064960K
  class space    used 2316K, capacity 2428K, committed 2432K, reserved 1048576K
Event: 15.020 GC heap after
Heap after GC invocations=24 (full 3):
 PSYoungGen      total 344064K, used 3229K [0x00000007aab00000, 0x00000007c0000000, 0x00000007c0000000)
  eden space 338944K, 0% used [0x00000007aab00000,0x00000007aab00000,0x00000007bf600000)
  from space 5120K, 63% used [0x00000007bf600000,0x00000007bf927640,0x00000007bfb00000)
  to   space 5120K, 0% used [0x00000007bfb00000,0x00000007bfb00000,0x00000007c0000000)
 ParOldGen       total 72704K, used 36443K [0x0000000780000000, 0x0000000784700000, 0x00000007aab00000)
  object space 72704K, 50% used [0x0000000780000000,0x0000000782396d30,0x0000000784700000)
 Metaspace       used 17190K, capacity 17576K, committed 17792K, reserved 1064960K
  class space    used 2316K, capacity 2428K, committed 2432K, reserved 1048576K
}
Event: 15.867 GC heap before
{Heap before GC invocations=25 (full 3):
 PSYoungGen      total 344064K, used 339351K [0x00000007aab00000, 0x00000007c0000000, 0x00000007c0000000)
  eden space 338944K, 99% used [0x00000007aab00000,0x00000007bf33e9a8,0x00000007bf600000)
  from space 5120K, 63% used [0x00000007bf600000,0x00000007bf927640,0x00000007bfb00000)
  to   space 5120K, 0% used [0x00000007bfb00000,0x00000007bfb00000,0x00000007c0000000)
 ParOldGen       total 72704K, used 36443K [0x0000000780000000, 0x0000000784700000, 0x00000007aab00000)
  object space 72704K, 50% used [0x0000000780000000,0x0000000782396d30,0x0000000784700000)
 Metaspace       used 17220K, capacity 17640K, committed 17792K, reserved 1064960K
  class space    used 2316K, capacity 2428K, committed 2432K, reserved 1048576K
Event: 15.869 GC heap after
Heap after GC invocations=25 (full 3):
 PSYoungGen      total 343040K, used 3261K [0x00000007aab00000, 0x00000007bff00000, 0x00000007c0000000)
  eden space 338944K, 0% used [0x00000007aab00000,0x00000007aab00000,0x00000007bf600000)
  from space 4096K, 79% used [0x00000007bfb00000,0x00000007bfe2f640,0x00000007bff00000)
  to   space 4608K, 0% used [0x00000007bf600000,0x00000007bf600000,0x00000007bfa80000)
 ParOldGen       total 72704K, used 36451K [0x0000000780000000, 0x0000000784700000, 0x00000007aab00000)
  object space 72704K, 50% used [0x0000000780000000,0x0000000782398d30,0x0000000784700000)
 Metaspace       used 17220K, capacity 17640K, committed 17792K, reserved 1064960K
  class space    used 2316K, capacity 2428K, committed 2432K, reserved 1048576K
}
Event: 16.837 GC heap before
{Heap before GC invocations=26 (full 3):
 PSYoungGen      total 343040K, used 338928K [0x00000007aab00000, 0x00000007bff00000, 0x00000007c0000000)
  eden space 338944K, 99% used [0x00000007aab00000,0x00000007bf2ccd18,0x00000007bf600000)
  from space 4096K, 79% used [0x00000007bfb00000,0x00000007bfe2f640,0x00000007bff00000)
  to   space 4608K, 0% used [0x00000007bf600000,0x00000007bf600000,0x00000007bfa80000)
 ParOldGen       total 72704K, used 36451K [0x0000000780000000, 0x0000000784700000, 0x00000007aab00000)
  object space 72704K, 50% used [0x0000000780000000,0x0000000782398d30,0x0000000784700000)
 Metaspace       used 17220K, capacity 17640K, committed 17792K, reserved 1064960K
  class space    used 2316K, capacity 2428K, committed 2432K, reserved 1048576K
Event: 16.840 GC heap after
Heap after GC invocations=26 (full 3):
 PSYoungGen      total 343552K, used 3309K [0x00000007aab00000, 0x00000007c0000000, 0x00000007c0000000)
  eden space 338944K, 0% used [0x00000007aab00000,0x00000007aab00000,0x00000007bf600000)
  from space 4608K, 71% used [0x00000007bf600000,0x00000007bf93b650,0x00000007bfa80000)
  to   space 4608K, 0% used [0x00000007bfb80000,0x00000007bfb80000,0x00000007c0000000)
 ParOldGen       total 72704K, used 48601K [0x0000000780000000, 0x0000000784700000, 0x00000007aab00000)
  object space 72704K, 66% used [0x0000000780000000,0x0000000782f765b0,0x0000000784700000)
 Metaspace       used 17220K, capacity 17640K, committed 17792K, reserved 1064960K
  class space    used 2316K, capacity 2428K, committed 2432K, reserved 1048576K
}

