# JRE version: Java(TM) SE Runtime Environment (8.0_31-b13) (build 1.8.0_31-b13)
# Java VM: Java HotSpot(TM) 64-Bit Server VM (25.31-b07 mixed mode bsd-amd64 compressed oops)
Heap:
 PSYoungGen      total 343552K, used 87968K [0x00000007aab00000, 0x00000007c0000000, 0x00000007c0000000)
  eden space 337920K, 25% used [0x00000007aab00000,0x00000007afdbcad8,0x00000007bf500000)
  from space 5632K, 57% used [0x00000007bf500000,0x00000007bf82b650,0x00000007bfa80000)
  to   space 5632K, 0% used [0x00000007bfa80000,0x00000007bfa80000,0x00000007c0000000)
 ParOldGen       total 76288K, used 39536K [0x0000000780000000, 0x0000000784a80000, 0x00000007aab00000)
  object space 76288K, 51% used [0x0000000780000000,0x000000078269c368,0x0000000784a80000)
 Metaspace       used 23809K, capacity 25022K, committed 25216K, reserved 1071104K
  class space    used 3358K, capacity 3603K, committed 3712K, reserved 1048576K
GC Heap History (10 events):
Event: 14.872 GC heap before
{Heap before GC invocations=22 (full 2):
 PSYoungGen      total 343552K, used 340496K [0x00000007aab00000, 0x00000007c0000000, 0x00000007c0000000)
  eden space 337920K, 99% used [0x00000007aab00000,0x00000007bf45cc70,0x00000007bf500000)
  from space 5632K, 57% used [0x00000007bf500000,0x00000007bf827640,0x00000007bfa80000)
  to   space 5632K, 0% used [0x00000007bfa80000,0x00000007bfa80000,0x00000007c0000000)
 ParOldGen       total 55808K, used 33425K [0x0000000780000000, 0x0000000783680000, 0x00000007aab00000)
  object space 55808K, 59% used [0x0000000780000000,0x00000007820a4790,0x0000000783680000)
 Metaspace       used 16988K, capacity 17448K, committed 17536K, reserved 1064960K
  class space    used 2316K, capacity 2428K, committed 2432K, reserved 1048576K
Event: 14.873 GC heap after
Heap after GC invocations=22 (full 2):
 PSYoungGen      total 343552K, used 128K [0x00000007aab00000, 0x00000007c0000000, 0x00000007c0000000)
  eden space 337920K, 0% used [0x00000007aab00000,0x00000007aab00000,0x00000007bf500000)
  from space 5632K, 2% used [0x00000007bfa80000,0x00000007bfaa0000,0x00000007c0000000)
  to   space 5632K, 0% used [0x00000007bf500000,0x00000007bf500000,0x00000007bfa80000)
 ParOldGen       total 55808K, used 33425K [0x0000000780000000, 0x0000000783680000, 0x00000007aab00000)
  object space 55808K, 59% used [0x0000000780000000,0x00000007820a4790,0x0000000783680000)
 Metaspace       used 16988K, capacity 17448K, committed 17536K, reserved 1064960K
  class space    used 2316K, capacity 2428K, committed 2432K, reserved 1048576K
}
Event: 15.896 GC heap before
{Heap before GC invocations=23 (full 2):
 PSYoungGen      total 343552K, used 337420K [0x00000007aab00000, 0x00000007c0000000, 0x00000007c0000000)
  eden space 337920K, 99% used [0x00000007aab00000,0x00000007bf463128,0x00000007bf500000)
  from space 5632K, 2% used [0x00000007bfa80000,0x00000007bfaa0000,0x00000007c0000000)
  to   space 5632K, 0% used [0x00000007bf500000,0x00000007bf500000,0x00000007bfa80000)
 ParOldGen       total 55808K, used 33425K [0x0000000780000000, 0x0000000783680000, 0x00000007aab00000)
  object space 55808K, 59% used [0x0000000780000000,0x00000007820a4790,0x0000000783680000)
 Metaspace       used 16989K, capacity 17448K, committed 17536K, reserved 1064960K
  class space    used 2316K, capacity 2428K, committed 2432K, reserved 1048576K
Event: 15.904 GC heap after
Heap after GC invocations=23 (full 2):
 PSYoungGen      total 343552K, used 3293K [0x00000007aab00000, 0x00000007c0000000, 0x00000007c0000000)
  eden space 337920K, 0% used [0x00000007aab00000,0x00000007aab00000,0x00000007bf500000)
  from space 5632K, 58% used [0x00000007bf500000,0x00000007bf837640,0x00000007bfa80000)
  to   space 5632K, 0% used [0x00000007bfa80000,0x00000007bfa80000,0x00000007c0000000)
 ParOldGen       total 55808K, used 45576K [0x0000000780000000, 0x0000000783680000, 0x00000007aab00000)
  object space 55808K, 81% used [0x0000000780000000,0x0000000782c82010,0x0000000783680000)
 Metaspace       used 16989K, capacity 17448K, committed 17536K, reserved 1064960K
  class space    used 2316K, capacity 2428K, committed 2432K, reserved 1048576K
}
Event: 15.904 GC heap before
{Heap before GC invocations=24 (full 3):
 PSYoungGen      total 343552K, used 3293K [0x00000007aab00000, 0x00000007c0000000, 0x00000007c0000000)
  eden space 337920K, 0% used [0x00000007aab00000,0x00000007aab00000,0x00000007bf500000)
  from space 5632K, 58% used [0x00000007bf500000,0x00000007bf837640,0x00000007bfa80000)
  to   space 5632K, 0% used [0x00000007bfa80000,0x00000007bfa80000,0x00000007c0000000)
 ParOldGen       total 55808K, used 45576K [0x0000000780000000, 0x0000000783680000, 0x00000007aab00000)
  object space 55808K, 81% used [0x0000000780000000,0x0000000782c82010,0x0000000783680000)
 Metaspace       used 16989K, capacity 17448K, committed 17536K, reserved 1064960K
  class space    used 2316K, capacity 2428K, committed 2432K, reserved 1048576K
Event: 15.954 GC heap after
Heap after GC invocations=24 (full 3):
 PSYoungGen      total 343552K, used 0K [0x00000007aab00000, 0x00000007c0000000, 0x00000007c0000000)
  eden space 337920K, 0% used [0x00000007aab00000,0x00000007aab00000,0x00000007bf500000)
  from space 5632K, 0% used [0x00000007bf500000,0x00000007bf500000,0x00000007bfa80000)
  to   space 5632K, 0% used [0x00000007bfa80000,0x00000007bfa80000,0x00000007c0000000)
 ParOldGen       total 76288K, used 21303K [0x0000000780000000, 0x0000000784a80000, 0x00000007aab00000)
  object space 76288K, 27% used [0x0000000780000000,0x00000007814cde68,0x0000000784a80000)
 Metaspace       used 16989K, capacity 17448K, committed 17536K, reserved 1064960K
  class space    used 2316K, capacity 2428K, committed 2432K, reserved 1048576K
}
Event: 16.987 GC heap before
{Heap before GC invocations=25 (full 3):
 PSYoungGen      total 343552K, used 335159K [0x00000007aab00000, 0x00000007c0000000, 0x00000007c0000000)
  eden space 337920K, 99% used [0x00000007aab00000,0x00000007bf24dd50,0x00000007bf500000)
  from space 5632K, 0% used [0x00000007bf500000,0x00000007bf500000,0x00000007bfa80000)
  to   space 5632K, 0% used [0x00000007bfa80000,0x00000007bfa80000,0x00000007c0000000)
 ParOldGen       total 76288K, used 21303K [0x0000000780000000, 0x0000000784a80000, 0x00000007aab00000)
  object space 76288K, 27% used [0x0000000780000000,0x00000007814cde68,0x0000000784a80000)
 Metaspace       used 17017K, capacity 17448K, committed 17536K, reserved 1064960K
  class space    used 2316K, capacity 2428K, committed 2432K, reserved 1048576K
Event: 16.989 GC heap after
Heap after GC invocations=25 (full 3):
 PSYoungGen      total 343552K, used 3213K [0x00000007aab00000, 0x00000007c0000000, 0x00000007c0000000)
  eden space 337920K, 0% used [0x00000007aab00000,0x00000007aab00000,0x00000007bf500000)
  from space 5632K, 57% used [0x00000007bfa80000,0x00000007bfda3650,0x00000007c0000000)
  to   space 5632K, 0% used [0x00000007bf500000,0x00000007bf500000,0x00000007bfa80000)
 ParOldGen       total 76288K, used 24349K [0x0000000780000000, 0x0000000784a80000, 0x00000007aab00000)
  object space 76288K, 31% used [0x0000000780000000,0x00000007817c74a8,0x0000000784a80000)
 Metaspace       used 17017K, capacity 17448K, committed 17536K, reserved 1064960K
  class space    used 2316K, capacity 2428K, committed 2432K, reserved 1048576K
}
Event: 17.975 GC heap before
{Heap before GC invocations=26 (full 3):
 PSYoungGen      total 343552K, used 337972K [0x00000007aab00000, 0x00000007c0000000, 0x00000007c0000000)
  eden space 337920K, 99% used [0x00000007aab00000,0x00000007bf1e9a50,0x00000007bf500000)
  from space 5632K, 57% used [0x00000007bfa80000,0x00000007bfda3650,0x00000007c0000000)
  to   space 5632K, 0% used [0x00000007bf500000,0x00000007bf500000,0x00000007bfa80000)
 ParOldGen       total 76288K, used 24349K [0x0000000780000000, 0x0000000784a80000, 0x00000007aab00000)
  object space 76288K, 31% used [0x0000000780000000,0x00000007817c74a8,0x0000000784a80000)
 Metaspace       used 17017K, capacity 17448K, committed 17536K, reserved 1064960K
  class space    used 2316K, capacity 2428K, committed 2432K, reserved 1048576K
Event: 17.978 GC heap after
Heap after GC invocations=26 (full 3):
 PSYoungGen      total 343552K, used 3245K [0x00000007aab00000, 0x00000007c0000000, 0x00000007c0000000)
  eden space 337920K, 0% used [0x00000007aab00000,0x00000007aab00000,0x00000007bf500000)
  from space 5632K, 57% used [0x00000007bf500000,0x00000007bf82b650,0x00000007bfa80000)
  to   space 5632K, 0% used [0x00000007bfa80000,0x00000007bfa80000,0x00000007c0000000)
 ParOldGen       total 76288K, used 39536K [0x0000000780000000, 0x0000000784a80000, 0x00000007aab00000)
  object space 76288K, 51% used [0x0000000780000000,0x000000078269c368,0x0000000784a80000)
 Metaspace       used 17017K, capacity 17448K, committed 17536K, reserved 1064960K
  class space    used 2316K, capacity 2428K, committed 2432K, reserved 1048576K
}

