# JRE version: Java(TM) SE Runtime Environment (8.0_31-b15) (build 1.8.0_31-b15)
# Java VM: Java HotSpot(TM) 64-Bit Server VM (25.31-b07 mixed mode bsd-amd64 compressed oops)
Heap:
 PSYoungGen      total 18944K, used 7352K [0x00000007aab00000, 0x00000007acb00000, 0x00000007c0000000)
  eden space 16384K, 29% used [0x00000007aab00000,0x00000007aafb58e0,0x00000007abb00000)
  from space 2560K, 98% used [0x00000007abb00000,0x00000007abd789c8,0x00000007abd80000)
  to   space 8192K, 0% used [0x00000007ac300000,0x00000007ac300000,0x00000007acb00000)
 ParOldGen       total 62976K, used 46735K [0x0000000780000000, 0x0000000783d80000, 0x00000007aab00000)
  object space 62976K, 74% used [0x0000000780000000,0x0000000782da3e08,0x0000000783d80000)
 Metaspace       used 19763K, capacity 21004K, committed 21120K, reserved 1067008K
  class space    used 2896K, capacity 3150K, committed 3200K, reserved 1048576K
GC Heap History (10 events):
Event: 1.454 GC heap before
{Heap before GC invocations=1 (full 0):
 PSYoungGen      total 18944K, used 16384K [0x00000007aab00000, 0x00000007ac000000, 0x00000007c0000000)
  eden space 16384K, 100% used [0x00000007aab00000,0x00000007abb00000,0x00000007abb00000)
  from space 2560K, 0% used [0x00000007abd80000,0x00000007abd80000,0x00000007ac000000)
  to   space 2560K, 0% used [0x00000007abb00000,0x00000007abb00000,0x00000007abd80000)
 ParOldGen       total 44032K, used 0K [0x0000000780000000, 0x0000000782b00000, 0x00000007aab00000)
  object space 44032K, 0% used [0x0000000780000000,0x0000000780000000,0x0000000782b00000)
 Metaspace       used 8739K, capacity 9232K, committed 9472K, reserved 1056768K
  class space    used 1148K, capacity 1238K, committed 1280K, reserved 1048576K
Event: 1.461 GC heap after
Heap after GC invocations=1 (full 0):
 PSYoungGen      total 18944K, used 2536K [0x00000007aab00000, 0x00000007ac000000, 0x00000007c0000000)
  eden space 16384K, 0% used [0x00000007aab00000,0x00000007aab00000,0x00000007abb00000)
  from space 2560K, 99% used [0x00000007abb00000,0x00000007abd7a3e8,0x00000007abd80000)
  to   space 2560K, 0% used [0x00000007abd80000,0x00000007abd80000,0x00000007ac000000)
 ParOldGen       total 44032K, used 24K [0x0000000780000000, 0x0000000782b00000, 0x00000007aab00000)
  object space 44032K, 0% used [0x0000000780000000,0x0000000780006000,0x0000000782b00000)
 Metaspace       used 8739K, capacity 9232K, committed 9472K, reserved 1056768K
  class space    used 1148K, capacity 1238K, committed 1280K, reserved 1048576K
}
Event: 2.559 GC heap before
{Heap before GC invocations=2 (full 0):
 PSYoungGen      total 18944K, used 18920K [0x00000007aab00000, 0x00000007ac000000, 0x00000007c0000000)
  eden space 16384K, 100% used [0x00000007aab00000,0x00000007abb00000,0x00000007abb00000)
  from space 2560K, 99% used [0x00000007abb00000,0x00000007abd7a3e8,0x00000007abd80000)
  to   space 2560K, 0% used [0x00000007abd80000,0x00000007abd80000,0x00000007ac000000)
 ParOldGen       total 44032K, used 24K [0x0000000780000000, 0x0000000782b00000, 0x00000007aab00000)
  object space 44032K, 0% used [0x0000000780000000,0x0000000780006000,0x0000000782b00000)
 Metaspace       used 14619K, capacity 15388K, committed 15616K, reserved 1062912K
  class space    used 2322K, capacity 2510K, committed 2560K, reserved 1048576K
Event: 2.573 GC heap after
Heap after GC invocations=2 (full 0):
 PSYoungGen      total 18944K, used 2544K [0x00000007aab00000, 0x00000007ac000000, 0x00000007c0000000)
  eden space 16384K, 0% used [0x00000007aab00000,0x00000007aab00000,0x00000007abb00000)
  from space 2560K, 99% used [0x00000007abd80000,0x00000007abffc030,0x00000007ac000000)
  to   space 2560K, 0% used [0x00000007abb00000,0x00000007abb00000,0x00000007abd80000)
 ParOldGen       total 44032K, used 2451K [0x0000000780000000, 0x0000000782b00000, 0x00000007aab00000)
  object space 44032K, 5% used [0x0000000780000000,0x0000000780264c18,0x0000000782b00000)
 Metaspace       used 14619K, capacity 15388K, committed 15616K, reserved 1062912K
  class space    used 2322K, capacity 2510K, committed 2560K, reserved 1048576K
}
Event: 15.420 GC heap before
{Heap before GC invocations=3 (full 0):
 PSYoungGen      total 18944K, used 18928K [0x00000007aab00000, 0x00000007ac000000, 0x00000007c0000000)
  eden space 16384K, 100% used [0x00000007aab00000,0x00000007abb00000,0x00000007abb00000)
  from space 2560K, 99% used [0x00000007abd80000,0x00000007abffc030,0x00000007ac000000)
  to   space 2560K, 0% used [0x00000007abb00000,0x00000007abb00000,0x00000007abd80000)
 ParOldGen       total 44032K, used 2451K [0x0000000780000000, 0x0000000782b00000, 0x00000007aab00000)
  object space 44032K, 5% used [0x0000000780000000,0x0000000780264c18,0x0000000782b00000)
 Metaspace       used 17689K, capacity 18812K, committed 18944K, reserved 1064960K
  class space    used 2739K, capacity 2970K, committed 3072K, reserved 1048576K
Event: 15.439 GC heap after
Heap after GC invocations=3 (full 0):
 PSYoungGen      total 18944K, used 2528K [0x00000007aab00000, 0x00000007ac000000, 0x00000007c0000000)
  eden space 16384K, 0% used [0x00000007aab00000,0x00000007aab00000,0x00000007abb00000)
  from space 2560K, 98% used [0x00000007abb00000,0x00000007abd78020,0x00000007abd80000)
  to   space 2560K, 0% used [0x00000007abd80000,0x00000007abd80000,0x00000007ac000000)
 ParOldGen       total 44032K, used 7189K [0x0000000780000000, 0x0000000782b00000, 0x00000007aab00000)
  object space 44032K, 16% used [0x0000000780000000,0x00000007807056f8,0x0000000782b00000)
 Metaspace       used 17689K, capacity 18812K, committed 18944K, reserved 1064960K
  class space    used 2739K, capacity 2970K, committed 3072K, reserved 1048576K
}
Event: 78.265 GC heap before
{Heap before GC invocations=4 (full 0):
 PSYoungGen      total 18944K, used 18912K [0x00000007aab00000, 0x00000007ac000000, 0x00000007c0000000)
  eden space 16384K, 100% used [0x00000007aab00000,0x00000007abb00000,0x00000007abb00000)
  from space 2560K, 98% used [0x00000007abb00000,0x00000007abd78020,0x00000007abd80000)
  to   space 2560K, 0% used [0x00000007abd80000,0x00000007abd80000,0x00000007ac000000)
 ParOldGen       total 62976K, used 44699K [0x0000000780000000, 0x0000000783d80000, 0x00000007aab00000)
  object space 62976K, 70% used [0x0000000780000000,0x0000000782ba6c98,0x0000000783d80000)
 Metaspace       used 19187K, capacity 20392K, committed 20480K, reserved 1067008K
  class space    used 2844K, capacity 3062K, committed 3072K, reserved 1048576K
Event: 78.281 GC heap after
Heap after GC invocations=4 (full 0):
 PSYoungGen      total 18944K, used 2530K [0x00000007aab00000, 0x00000007ac000000, 0x00000007c0000000)
  eden space 16384K, 0% used [0x00000007aab00000,0x00000007aab00000,0x00000007abb00000)
  from space 2560K, 98% used [0x00000007abd80000,0x00000007abff89c8,0x00000007ac000000)
  to   space 2560K, 0% used [0x00000007abb00000,0x00000007abb00000,0x00000007abd80000)
 ParOldGen       total 62976K, used 46271K [0x0000000780000000, 0x0000000783d80000, 0x00000007aab00000)
  object space 62976K, 73% used [0x0000000780000000,0x0000000782d2fe08,0x0000000783d80000)
 Metaspace       used 19187K, capacity 20392K, committed 20480K, reserved 1067008K
  class space    used 2844K, capacity 3062K, committed 3072K, reserved 1048576K
}
Event: 331.158 GC heap before
{Heap before GC invocations=5 (full 0):
 PSYoungGen      total 18944K, used 18914K [0x00000007aab00000, 0x00000007ac000000, 0x00000007c0000000)
  eden space 16384K, 100% used [0x00000007aab00000,0x00000007abb00000,0x00000007abb00000)
  from space 2560K, 98% used [0x00000007abd80000,0x00000007abff89c8,0x00000007ac000000)
  to   space 2560K, 0% used [0x00000007abb00000,0x00000007abb00000,0x00000007abd80000)
 ParOldGen       total 62976K, used 46271K [0x0000000780000000, 0x0000000783d80000, 0x00000007aab00000)
  object space 62976K, 73% used [0x0000000780000000,0x0000000782d2fe08,0x0000000783d80000)
 Metaspace       used 19719K, capacity 20980K, committed 21120K, reserved 1067008K
  class space    used 2891K, capacity 3144K, committed 3200K, reserved 1048576K
Event: 331.213 GC heap after
Heap after GC invocations=5 (full 0):
 PSYoungGen      total 18944K, used 2530K [0x00000007aab00000, 0x00000007acb00000, 0x00000007c0000000)
  eden space 16384K, 0% used [0x00000007aab00000,0x00000007aab00000,0x00000007abb00000)
  from space 2560K, 98% used [0x00000007abb00000,0x00000007abd789c8,0x00000007abd80000)
  to   space 8192K, 0% used [0x00000007ac300000,0x00000007ac300000,0x00000007acb00000)
 ParOldGen       total 62976K, used 46735K [0x0000000780000000, 0x0000000783d80000, 0x00000007aab00000)
  object space 62976K, 74% used [0x0000000780000000,0x0000000782da3e08,0x0000000783d80000)
 Metaspace       used 19719K, capacity 20980K, committed 21120K, reserved 1067008K
  class space    used 2891K, capacity 3144K, committed 3200K, reserved 1048576K
}

